<?xml version="1.0" encoding="UTF-8"?>
<!-- Generated by org.testng.reporters.JUnitReportReporter -->
<testsuite skipped="0" hostname="DESKTOP-OQ3P6LF" name="practiceTestNG.SeleniumTestsChrome" tests="2" failures="0" timestamp="2022-02-03T11:01:48 IST" time="0.017" errors="0">
  <testcase name="forwardToEmail" time="0.011" classname="practiceTestNG.SeleniumTestsChrome"/>
  <system-out/>
  <testcase name="replyToEmail" time="0.006" classname="practiceTestNG.SeleniumTestsChrome"/>
  <system-out/>
</testsuite> <!-- practiceTestNG.SeleniumTestsChrome -->
