<?xml version="1.0" encoding="UTF-8"?>
<!-- Generated by org.testng.reporters.JUnitReportReporter -->
<testsuite skipped="0" hostname="DESKTOP-OQ3P6LF" name="testBatches.TestBatches" tests="1" failures="0" timestamp="2022-02-03T10:07:05 IST" time="8.296" errors="0">
  <testcase name="runUserChoice" time="8.296" classname="testBatches.TestBatches"/>
  <system-out/>
</testsuite> <!-- testBatches.TestBatches -->
