<?xml version="1.0" encoding="UTF-8"?>
<!-- Generated by org.testng.reporters.JUnitReportReporter -->
<testsuite skipped="0" hostname="DESKTOP-OQ3P6LF" name="practiceTestNG.SeleniumTestsFirefox" tests="2" failures="0" timestamp="2022-02-03T11:01:48 IST" time="0.010" errors="0">
  <testcase name="forwardToEmail" time="0.004" classname="practiceTestNG.SeleniumTestsFirefox"/>
  <system-out/>
  <testcase name="replyToEmail" time="0.006" classname="practiceTestNG.SeleniumTestsFirefox"/>
  <system-out/>
</testsuite> <!-- practiceTestNG.SeleniumTestsFirefox -->
