<?xml version="1.0" encoding="UTF-8"?>
<!-- Generated by org.testng.reporters.JUnitReportReporter -->
<testsuite skipped="0" hostname="DESKTOP-OQ3P6LF" name="practiceTestNG.SeleniumTestsChrome" tests="2" failures="0" timestamp="2022-02-04T08:12:21 IST" time="0.028" errors="0">
  <testcase name="replyToEmail" time="0.008" classname="practiceTestNG.SeleniumTestsChrome"/>
  <system-out/>
  <testcase name="forwardToEmail" time="0.020" classname="practiceTestNG.SeleniumTestsChrome"/>
  <system-out/>
</testsuite> <!-- practiceTestNG.SeleniumTestsChrome -->
