<?xml version="1.0" encoding="UTF-8"?>
<!-- Generated by org.testng.reporters.JUnitReportReporter -->
<testsuite skipped="0" hostname="DESKTOP-OQ3P6LF" name="practiceTestNG.TestNGPractice" tests="3" failures="0" timestamp="2022-02-04T08:18:21 IST" time="0.018" errors="0">
  <testcase name="replyMail" time="0.003" classname="practiceTestNG.TestNGPractice"/>
  <system-out/>
  <testcase name="deleteMail" time="0.005" classname="practiceTestNG.TestNGPractice"/>
  <system-out/>
  <testcase name="sendMail" time="0.010" classname="practiceTestNG.TestNGPractice"/>
  <system-out/>
</testsuite> <!-- practiceTestNG.TestNGPractice -->
