<?xml version="1.0" encoding="UTF-8"?>
<!-- Generated by org.testng.reporters.JUnitReportReporter -->
<testsuite skipped="0" hostname="DESKTOP-OQ3P6LF" name="testBatches.TestBatches" tests="1" failures="0" timestamp="2022-02-04T08:40:15 IST" time="24.481" errors="0">
  <testcase name="runUserChoice" time="24.481" classname="testBatches.TestBatches"/>
  <system-out/>
</testsuite> <!-- testBatches.TestBatches -->
