<?xml version="1.0" encoding="UTF-8"?>
<!-- Generated by org.testng.reporters.JUnitReportReporter -->
<testsuite skipped="0" hostname="DESKTOP-OQ3P6LF" name="practiceTestNG.PracticeTestNG" tests="4" failures="0" timestamp="2022-02-03T10:58:33 IST" time="0.046" errors="0">
  <testcase name="bookCruise" time="0.004" classname="practiceTestNG.PracticeTestNG"/>
  <system-out>
    <![CDATA[Book Cruise Successfull
Book Cruise Successfull
Book Cruise Successfull
Book Cruise Successfull]]>
  </system-out>
  <testcase name="bookCar" time="0.025" classname="practiceTestNG.PracticeTestNG"/>
  <system-out>
    <![CDATA[Book Car Successfull
Book Car Successfull
Book Car Successfull
Book Car Successfull]]>
  </system-out>
  <testcase name="bookFlight" time="0.008" classname="practiceTestNG.PracticeTestNG"/>
  <system-out>
    <![CDATA[Navigate to Flight Successfull
Search Flight Successfull
Select Flight Successfull
Book Flight Successfull]]>
  </system-out>
  <testcase name="bookHotel" time="0.009" classname="practiceTestNG.PracticeTestNG"/>
  <system-out>
    <![CDATA[Book Hotel Successfull
Book Hotel Successfull
Book Hotel Successfull
Book Hotel Successfull]]>
  </system-out>
</testsuite> <!-- practiceTestNG.PracticeTestNG -->
