<?xml version="1.0" encoding="UTF-8"?>
<!-- Generated by org.testng.reporters.JUnitReportReporter -->
<testsuite skipped="0" hostname="DESKTOP-OQ3P6LF" name="practiceTestNG.SeleniumTestsFirefox" tests="2" failures="0" timestamp="2022-02-04T08:12:21 IST" time="0.034" errors="0">
  <testcase name="forwardToEmail" time="0.023" classname="practiceTestNG.SeleniumTestsFirefox"/>
  <system-out/>
  <testcase name="replyToEmail" time="0.011" classname="practiceTestNG.SeleniumTestsFirefox"/>
  <system-out/>
</testsuite> <!-- practiceTestNG.SeleniumTestsFirefox -->
